0 info it worked if it ends with ok
1 verbose cli [ 'nodejs', '/usr/bin/npm', 'start' ]
2 info using npm@1.2.12
3 info using node@v0.8.21
4 verbose read json /home/caasi/Documents/node.js/frm.js/package.json
5 verbose run-script [ 'prestart', 'start', 'poststart' ]
6 info prestart frm.js@0.3.0
7 info start frm.js@0.3.0
8 verbose unsafe-perm in lifecycle true
9 silly exec sh "-c" "node server.js"
10 silly sh,-c,node server.js,/home/caasi/Documents/node.js/frm.js spawning
11 info frm.js@0.3.0 Failed to exec start script
12 error frm.js@0.3.0 start: `node server.js`
12 error `sh "-c" "node server.js"` failed with 1
13 error Failed at the frm.js@0.3.0 start script.
13 error This is most likely a problem with the frm.js package,
13 error not with npm itself.
13 error Tell the author that this fails on your system:
13 error     node server.js
13 error You can get their info via:
13 error     npm owner ls frm.js
13 error There is likely additional logging output above.
14 error System Linux 3.5.0-25-generic
15 error command "nodejs" "/usr/bin/npm" "start"
16 error cwd /home/caasi/Documents/node.js/frm.js
17 error node -v v0.8.21
18 error npm -v 1.2.12
19 error code ELIFECYCLE
20 verbose exit [ 1, true ]
